# JRE version: Java(TM) SE Runtime Environment (8.0_144-b01) (build 1.8.0_144-b01)
# Java VM: Java HotSpot(TM) 64-Bit Server VM (25.144-b01 mixed mode windows-amd64 compressed oops)
Heap:
 PSYoungGen      total 112128K, used 51101K [0x00000000d5f00000, 0x00000000dee80000, 0x0000000100000000)
  eden space 103936K, 41% used [0x00000000d5f00000,0x00000000d88e87b0,0x00000000dc480000)
  from space 8192K, 99% used [0x00000000dde80000,0x00000000de67efc8,0x00000000de680000)
  to   space 5632K, 0% used [0x00000000de900000,0x00000000de900000,0x00000000dee80000)
 ParOldGen       total 57344K, used 11745K [0x0000000081c00000, 0x0000000085400000, 0x00000000d5f00000)
  object space 57344K, 20% used [0x0000000081c00000,0x0000000082778790,0x0000000085400000)
 Metaspace       used 31867K, capacity 32170K, committed 32640K, reserved 1077248K
  class space    used 3998K, capacity 4098K, committed 4224K, reserved 1048576K
GC Heap History (10 events):
Event: 2.228 GC heap before
{Heap before GC invocations=4 (full 0):
 PSYoungGen      total 38400K, used 38385K [0x00000000d5f00000, 0x00000000daa00000, 0x0000000100000000)
  eden space 33280K, 100% used [0x00000000d5f00000,0x00000000d7f80000,0x00000000d7f80000)
  from space 5120K, 99% used [0x00000000d7f80000,0x00000000d847c778,0x00000000d8480000)
  to   space 5120K, 0% used [0x00000000da500000,0x00000000da500000,0x00000000daa00000)
 ParOldGen       total 87552K, used 2946K [0x0000000081c00000, 0x0000000087180000, 0x00000000d5f00000)
  object space 87552K, 3% used [0x0000000081c00000,0x0000000081ee09b0,0x0000000087180000)
 Metaspace       used 20088K, capacity 20326K, committed 20480K, reserved 1067008K
  class space    used 2442K, capacity 2540K, committed 2560K, reserved 1048576K
Event: 2.241 GC heap after
Heap after GC invocations=4 (full 0):
 PSYoungGen      total 71680K, used 5104K [0x00000000d5f00000, 0x00000000daa00000, 0x0000000100000000)
  eden space 66560K, 0% used [0x00000000d5f00000,0x00000000d5f00000,0x00000000da000000)
  from space 5120K, 99% used [0x00000000da500000,0x00000000da9fc010,0x00000000daa00000)
  to   space 5120K, 0% used [0x00000000da000000,0x00000000da000000,0x00000000da500000)
 ParOldGen       total 87552K, used 5637K [0x0000000081c00000, 0x0000000087180000, 0x00000000d5f00000)
  object space 87552K, 6% used [0x0000000081c00000,0x0000000082181700,0x0000000087180000)
 Metaspace       used 20088K, capacity 20326K, committed 20480K, reserved 1067008K
  class space    used 2442K, capacity 2540K, committed 2560K, reserved 1048576K
}
Event: 2.409 GC heap before
{Heap before GC invocations=5 (full 0):
 PSYoungGen      total 71680K, used 18635K [0x00000000d5f00000, 0x00000000daa00000, 0x0000000100000000)
  eden space 66560K, 20% used [0x00000000d5f00000,0x00000000d6c36e00,0x00000000da000000)
  from space 5120K, 99% used [0x00000000da500000,0x00000000da9fc010,0x00000000daa00000)
  to   space 5120K, 0% used [0x00000000da000000,0x00000000da000000,0x00000000da500000)
 ParOldGen       total 87552K, used 5637K [0x0000000081c00000, 0x0000000087180000, 0x00000000d5f00000)
  object space 87552K, 6% used [0x0000000081c00000,0x0000000082181700,0x0000000087180000)
 Metaspace       used 20941K, capacity 21164K, committed 21296K, reserved 1069056K
  class space    used 2568K, capacity 2669K, committed 2688K, reserved 1048576K
Event: 2.417 GC heap after
Heap after GC invocations=5 (full 0):
 PSYoungGen      total 71680K, used 5107K [0x00000000d5f00000, 0x00000000df100000, 0x0000000100000000)
  eden space 66560K, 0% used [0x00000000d5f00000,0x00000000d5f00000,0x00000000da000000)
  from space 5120K, 99% used [0x00000000da000000,0x00000000da4fcde8,0x00000000da500000)
  to   space 8192K, 0% used [0x00000000de900000,0x00000000de900000,0x00000000df100000)
 ParOldGen       total 87552K, used 7018K [0x0000000081c00000, 0x0000000087180000, 0x00000000d5f00000)
  object space 87552K, 8% used [0x0000000081c00000,0x00000000822da9a8,0x0000000087180000)
 Metaspace       used 20941K, capacity 21164K, committed 21296K, reserved 1069056K
  class space    used 2568K, capacity 2669K, committed 2688K, reserved 1048576K
}
Event: 2.417 GC heap before
{Heap before GC invocations=6 (full 1):
 PSYoungGen      total 71680K, used 5107K [0x00000000d5f00000, 0x00000000df100000, 0x0000000100000000)
  eden space 66560K, 0% used [0x00000000d5f00000,0x00000000d5f00000,0x00000000da000000)
  from space 5120K, 99% used [0x00000000da000000,0x00000000da4fcde8,0x00000000da500000)
  to   space 8192K, 0% used [0x00000000de900000,0x00000000de900000,0x00000000df100000)
 ParOldGen       total 87552K, used 7018K [0x0000000081c00000, 0x0000000087180000, 0x00000000d5f00000)
  object space 87552K, 8% used [0x0000000081c00000,0x00000000822da9a8,0x0000000087180000)
 Metaspace       used 20941K, capacity 21164K, committed 21296K, reserved 1069056K
  class space    used 2568K, capacity 2669K, committed 2688K, reserved 1048576K
Event: 2.457 GC heap after
Heap after GC invocations=6 (full 1):
 PSYoungGen      total 71680K, used 0K [0x00000000d5f00000, 0x00000000df100000, 0x0000000100000000)
  eden space 66560K, 0% used [0x00000000d5f00000,0x00000000d5f00000,0x00000000da000000)
  from space 5120K, 0% used [0x00000000da000000,0x00000000da000000,0x00000000da500000)
  to   space 8192K, 0% used [0x00000000de900000,0x00000000de900000,0x00000000df100000)
 ParOldGen       total 57344K, used 7226K [0x0000000081c00000, 0x0000000085400000, 0x00000000d5f00000)
  object space 57344K, 12% used [0x0000000081c00000,0x000000008230e850,0x0000000085400000)
 Metaspace       used 20941K, capacity 21164K, committed 21296K, reserved 1069056K
  class space    used 2568K, capacity 2669K, committed 2688K, reserved 1048576K
}
Event: 3.275 GC heap before
{Heap before GC invocations=7 (full 1):
 PSYoungGen      total 71680K, used 66560K [0x00000000d5f00000, 0x00000000df100000, 0x0000000100000000)
  eden space 66560K, 100% used [0x00000000d5f00000,0x00000000da000000,0x00000000da000000)
  from space 5120K, 0% used [0x00000000da000000,0x00000000da000000,0x00000000da500000)
  to   space 8192K, 0% used [0x00000000de900000,0x00000000de900000,0x00000000df100000)
 ParOldGen       total 57344K, used 7226K [0x0000000081c00000, 0x0000000085400000, 0x00000000d5f00000)
  object space 57344K, 12% used [0x0000000081c00000,0x000000008230e850,0x0000000085400000)
 Metaspace       used 24985K, capacity 25292K, committed 25472K, reserved 1071104K
  class space    used 3100K, capacity 3197K, committed 3200K, reserved 1048576K
Event: 3.284 GC heap after
Heap after GC invocations=7 (full 1):
 PSYoungGen      total 109568K, used 5417K [0x00000000d5f00000, 0x00000000dee80000, 0x0000000100000000)
  eden space 103936K, 0% used [0x00000000d5f00000,0x00000000d5f00000,0x00000000dc480000)
  from space 5632K, 96% used [0x00000000de900000,0x00000000dee4a5c0,0x00000000dee80000)
  to   space 8192K, 0% used [0x00000000dde80000,0x00000000dde80000,0x00000000de680000)
 ParOldGen       total 57344K, used 7234K [0x0000000081c00000, 0x0000000085400000, 0x00000000d5f00000)
  object space 57344K, 12% used [0x0000000081c00000,0x0000000082310850,0x0000000085400000)
 Metaspace       used 24985K, capacity 25292K, committed 25472K, reserved 1071104K
  class space    used 3100K, capacity 3197K, committed 3200K, reserved 1048576K
}
Event: 4.117 GC heap before
{Heap before GC invocations=8 (full 1):
 PSYoungGen      total 109568K, used 109353K [0x00000000d5f00000, 0x00000000dee80000, 0x0000000100000000)
  eden space 103936K, 100% used [0x00000000d5f00000,0x00000000dc480000,0x00000000dc480000)
  from space 5632K, 96% used [0x00000000de900000,0x00000000dee4a5c0,0x00000000dee80000)
  to   space 8192K, 0% used [0x00000000dde80000,0x00000000dde80000,0x00000000de680000)
 ParOldGen       total 57344K, used 7234K [0x0000000081c00000, 0x0000000085400000, 0x00000000d5f00000)
  object space 57344K, 12% used [0x0000000081c00000,0x0000000082310850,0x0000000085400000)
 Metaspace       used 29052K, capacity 29330K, committed 29568K, reserved 1075200K
  class space    used 3607K, capacity 3710K, committed 3712K, reserved 1048576K
Event: 4.136 GC heap after
Heap after GC invocations=8 (full 1):
 PSYoungGen      total 112128K, used 8187K [0x00000000d5f00000, 0x00000000dee80000, 0x0000000100000000)
  eden space 103936K, 0% used [0x00000000d5f00000,0x00000000d5f00000,0x00000000dc480000)
  from space 8192K, 99% used [0x00000000dde80000,0x00000000de67efc8,0x00000000de680000)
  to   space 5632K, 0% used [0x00000000de900000,0x00000000de900000,0x00000000dee80000)
 ParOldGen       total 57344K, used 11745K [0x0000000081c00000, 0x0000000085400000, 0x00000000d5f00000)
  object space 57344K, 20% used [0x0000000081c00000,0x0000000082778790,0x0000000085400000)
 Metaspace       used 29052K, capacity 29330K, committed 29568K, reserved 1075200K
  class space    used 3607K, capacity 3710K, committed 3712K, reserved 1048576K
}

