# JRE version: Java(TM) SE Runtime Environment (8.0_144-b01) (build 1.8.0_144-b01)
# Java VM: Java HotSpot(TM) 64-Bit Server VM (25.144-b01 mixed mode windows-amd64 compressed oops)
Heap:
 PSYoungGen      total 161280K, used 35921K [0x00000000d5f00000, 0x00000000e2f80000, 0x0000000100000000)
  eden space 146944K, 15% used [0x00000000d5f00000,0x00000000d752efe8,0x00000000dee80000)
  from space 14336K, 92% used [0x00000000dee80000,0x00000000dfb65428,0x00000000dfc80000)
  to   space 15872K, 0% used [0x00000000e2000000,0x00000000e2000000,0x00000000e2f80000)
 ParOldGen       total 105472K, used 22390K [0x0000000081c00000, 0x0000000088300000, 0x00000000d5f00000)
  object space 105472K, 21% used [0x0000000081c00000,0x00000000831dd9c0,0x0000000088300000)
 Metaspace       used 44095K, capacity 44552K, committed 44800K, reserved 1087488K
  class space    used 5755K, capacity 5879K, committed 5888K, reserved 1048576K
GC Heap History (10 events):
Event: 3.351 GC heap before
{Heap before GC invocations=7 (full 1):
 PSYoungGen      total 71680K, used 66560K [0x00000000d5f00000, 0x00000000df100000, 0x0000000100000000)
  eden space 66560K, 100% used [0x00000000d5f00000,0x00000000da000000,0x00000000da000000)
  from space 5120K, 0% used [0x00000000da000000,0x00000000da000000,0x00000000da500000)
  to   space 8192K, 0% used [0x00000000de900000,0x00000000de900000,0x00000000df100000)
 ParOldGen       total 59392K, used 7156K [0x0000000081c00000, 0x0000000085600000, 0x00000000d5f00000)
  object space 59392K, 12% used [0x0000000081c00000,0x00000000822fd0c0,0x0000000085600000)
 Metaspace       used 24420K, capacity 24768K, committed 24960K, reserved 1071104K
  class space    used 3027K, capacity 3131K, committed 3200K, reserved 1048576K
Event: 3.360 GC heap after
Heap after GC invocations=7 (full 1):
 PSYoungGen      total 105984K, used 5297K [0x00000000d5f00000, 0x00000000dee80000, 0x0000000100000000)
  eden space 100352K, 0% used [0x00000000d5f00000,0x00000000d5f00000,0x00000000dc100000)
  from space 5632K, 94% used [0x00000000de900000,0x00000000dee2c518,0x00000000dee80000)
  to   space 8192K, 0% used [0x00000000dde80000,0x00000000dde80000,0x00000000de680000)
 ParOldGen       total 59392K, used 7164K [0x0000000081c00000, 0x0000000085600000, 0x00000000d5f00000)
  object space 59392K, 12% used [0x0000000081c00000,0x00000000822ff0c0,0x0000000085600000)
 Metaspace       used 24420K, capacity 24768K, committed 24960K, reserved 1071104K
  class space    used 3027K, capacity 3131K, committed 3200K, reserved 1048576K
}
Event: 4.389 GC heap before
{Heap before GC invocations=8 (full 1):
 PSYoungGen      total 105984K, used 105649K [0x00000000d5f00000, 0x00000000dee80000, 0x0000000100000000)
  eden space 100352K, 100% used [0x00000000d5f00000,0x00000000dc100000,0x00000000dc100000)
  from space 5632K, 94% used [0x00000000de900000,0x00000000dee2c518,0x00000000dee80000)
  to   space 8192K, 0% used [0x00000000dde80000,0x00000000dde80000,0x00000000de680000)
 ParOldGen       total 59392K, used 7164K [0x0000000081c00000, 0x0000000085600000, 0x00000000d5f00000)
  object space 59392K, 12% used [0x0000000081c00000,0x00000000822ff0c0,0x0000000085600000)
 Metaspace       used 29070K, capacity 29400K, committed 29568K, reserved 1075200K
  class space    used 3611K, capacity 3711K, committed 3712K, reserved 1048576K
Event: 4.407 GC heap after
Heap after GC invocations=8 (full 1):
 PSYoungGen      total 138752K, used 8191K [0x00000000d5f00000, 0x00000000e0780000, 0x0000000100000000)
  eden space 130560K, 0% used [0x00000000d5f00000,0x00000000d5f00000,0x00000000dde80000)
  from space 8192K, 99% used [0x00000000dde80000,0x00000000de67fd00,0x00000000de680000)
  to   space 11264K, 0% used [0x00000000dfc80000,0x00000000dfc80000,0x00000000e0780000)
 ParOldGen       total 59392K, used 11825K [0x0000000081c00000, 0x0000000085600000, 0x00000000d5f00000)
  object space 59392K, 19% used [0x0000000081c00000,0x000000008278c508,0x0000000085600000)
 Metaspace       used 29070K, capacity 29400K, committed 29568K, reserved 1075200K
  class space    used 3611K, capacity 3711K, committed 3712K, reserved 1048576K
}
Event: 5.975 GC heap before
{Heap before GC invocations=9 (full 1):
 PSYoungGen      total 138752K, used 91973K [0x00000000d5f00000, 0x00000000e0780000, 0x0000000100000000)
  eden space 130560K, 64% used [0x00000000d5f00000,0x00000000db0d19e0,0x00000000dde80000)
  from space 8192K, 99% used [0x00000000dde80000,0x00000000de67fd00,0x00000000de680000)
  to   space 11264K, 0% used [0x00000000dfc80000,0x00000000dfc80000,0x00000000e0780000)
 ParOldGen       total 59392K, used 11825K [0x0000000081c00000, 0x0000000085600000, 0x00000000d5f00000)
  object space 59392K, 19% used [0x0000000081c00000,0x000000008278c508,0x0000000085600000)
 Metaspace       used 34866K, capacity 35190K, committed 35496K, reserved 1081344K
  class space    used 4464K, capacity 4548K, committed 4608K, reserved 1048576K
Event: 5.987 GC heap after
Heap after GC invocations=9 (full 1):
 PSYoungGen      total 158208K, used 11262K [0x00000000d5f00000, 0x00000000e3400000, 0x0000000100000000)
  eden space 146944K, 0% used [0x00000000d5f00000,0x00000000d5f00000,0x00000000dee80000)
  from space 11264K, 99% used [0x00000000dfc80000,0x00000000e077faf0,0x00000000e0780000)
  to   space 14336K, 0% used [0x00000000dee80000,0x00000000dee80000,0x00000000dfc80000)
 ParOldGen       total 59392K, used 15614K [0x0000000081c00000, 0x0000000085600000, 0x00000000d5f00000)
  object space 59392K, 26% used [0x0000000081c00000,0x0000000082b3f8d0,0x0000000085600000)
 Metaspace       used 34866K, capacity 35190K, committed 35496K, reserved 1081344K
  class space    used 4464K, capacity 4548K, committed 4608K, reserved 1048576K
}
Event: 5.987 GC heap before
{Heap before GC invocations=10 (full 2):
 PSYoungGen      total 158208K, used 11262K [0x00000000d5f00000, 0x00000000e3400000, 0x0000000100000000)
  eden space 146944K, 0% used [0x00000000d5f00000,0x00000000d5f00000,0x00000000dee80000)
  from space 11264K, 99% used [0x00000000dfc80000,0x00000000e077faf0,0x00000000e0780000)
  to   space 14336K, 0% used [0x00000000dee80000,0x00000000dee80000,0x00000000dfc80000)
 ParOldGen       total 59392K, used 15614K [0x0000000081c00000, 0x0000000085600000, 0x00000000d5f00000)
  object space 59392K, 26% used [0x0000000081c00000,0x0000000082b3f8d0,0x0000000085600000)
 Metaspace       used 34866K, capacity 35190K, committed 35496K, reserved 1081344K
  class space    used 4464K, capacity 4548K, committed 4608K, reserved 1048576K
Event: 6.065 GC heap after
Heap after GC invocations=10 (full 2):
 PSYoungGen      total 158208K, used 0K [0x00000000d5f00000, 0x00000000e3400000, 0x0000000100000000)
  eden space 146944K, 0% used [0x00000000d5f00000,0x00000000d5f00000,0x00000000dee80000)
  from space 11264K, 0% used [0x00000000dfc80000,0x00000000dfc80000,0x00000000e0780000)
  to   space 14336K, 0% used [0x00000000dee80000,0x00000000dee80000,0x00000000dfc80000)
 ParOldGen       total 105472K, used 22382K [0x0000000081c00000, 0x0000000088300000, 0x00000000d5f00000)
  object space 105472K, 21% used [0x0000000081c00000,0x00000000831db9c0,0x0000000088300000)
 Metaspace       used 34866K, capacity 35190K, committed 35496K, reserved 1081344K
  class space    used 4464K, capacity 4548K, committed 4608K, reserved 1048576K
}
Event: 7.891 GC heap before
{Heap before GC invocations=11 (full 2):
 PSYoungGen      total 158208K, used 146944K [0x00000000d5f00000, 0x00000000e3400000, 0x0000000100000000)
  eden space 146944K, 100% used [0x00000000d5f00000,0x00000000dee80000,0x00000000dee80000)
  from space 11264K, 0% used [0x00000000dfc80000,0x00000000dfc80000,0x00000000e0780000)
  to   space 14336K, 0% used [0x00000000dee80000,0x00000000dee80000,0x00000000dfc80000)
 ParOldGen       total 105472K, used 22382K [0x0000000081c00000, 0x0000000088300000, 0x00000000d5f00000)
  object space 105472K, 21% used [0x0000000081c00000,0x00000000831db9c0,0x0000000088300000)
 Metaspace       used 43733K, capacity 44124K, committed 44544K, reserved 1087488K
  class space    used 5719K, capacity 5845K, committed 5888K, reserved 1048576K
Event: 7.904 GC heap after
Heap after GC invocations=11 (full 2):
 PSYoungGen      total 161280K, used 13205K [0x00000000d5f00000, 0x00000000e2f80000, 0x0000000100000000)
  eden space 146944K, 0% used [0x00000000d5f00000,0x00000000d5f00000,0x00000000dee80000)
  from space 14336K, 92% used [0x00000000dee80000,0x00000000dfb65428,0x00000000dfc80000)
  to   space 15872K, 0% used [0x00000000e2000000,0x00000000e2000000,0x00000000e2f80000)
 ParOldGen       total 105472K, used 22390K [0x0000000081c00000, 0x0000000088300000, 0x00000000d5f00000)
  object space 105472K, 21% used [0x0000000081c00000,0x00000000831dd9c0,0x0000000088300000)
 Metaspace       used 43733K, capacity 44124K, committed 44544K, reserved 1087488K
  class space    used 5719K, capacity 5845K, committed 5888K, reserved 1048576K
}

