# JRE version: Java(TM) SE Runtime Environment (8.0_144-b01) (build 1.8.0_144-b01)
# Java VM: Java HotSpot(TM) 64-Bit Server VM (25.144-b01 mixed mode windows-amd64 compressed oops)
Heap:
 PSYoungGen      total 177664K, used 34238K [0x00000000d5f00000, 0x00000000e4000000, 0x0000000100000000)
  eden space 166400K, 20% used [0x00000000d5f00000,0x00000000d806f880,0x00000000e0180000)
  from space 11264K, 0% used [0x00000000e0f80000,0x00000000e0f80000,0x00000000e1a80000)
  to   space 14336K, 0% used [0x00000000e0180000,0x00000000e0180000,0x00000000e0f80000)
 ParOldGen       total 55808K, used 22315K [0x0000000081c00000, 0x0000000085280000, 0x00000000d5f00000)
  object space 55808K, 39% used [0x0000000081c00000,0x00000000831cad30,0x0000000085280000)
 Metaspace       used 37764K, capacity 38134K, committed 38656K, reserved 1083392K
  class space    used 4887K, capacity 4996K, committed 5120K, reserved 1048576K
GC Heap History (10 events):
Event: 2.991 GC heap before
{Heap before GC invocations=6 (full 1):
 PSYoungGen      total 71680K, used 5091K [0x00000000d5f00000, 0x00000000df100000, 0x0000000100000000)
  eden space 66560K, 0% used [0x00000000d5f00000,0x00000000d5f00000,0x00000000da000000)
  from space 5120K, 99% used [0x00000000da000000,0x00000000da4f8df8,0x00000000da500000)
  to   space 8192K, 0% used [0x00000000de900000,0x00000000de900000,0x00000000df100000)
 ParOldGen       total 87552K, used 7005K [0x0000000081c00000, 0x0000000087180000, 0x00000000d5f00000)
  object space 87552K, 8% used [0x0000000081c00000,0x00000000822d75c0,0x0000000087180000)
 Metaspace       used 20871K, capacity 21132K, committed 21296K, reserved 1069056K
  class space    used 2545K, capacity 2637K, committed 2688K, reserved 1048576K
Event: 3.034 GC heap after
Heap after GC invocations=6 (full 1):
 PSYoungGen      total 71680K, used 0K [0x00000000d5f00000, 0x00000000df100000, 0x0000000100000000)
  eden space 66560K, 0% used [0x00000000d5f00000,0x00000000d5f00000,0x00000000da000000)
  from space 5120K, 0% used [0x00000000da000000,0x00000000da000000,0x00000000da500000)
  to   space 8192K, 0% used [0x00000000de900000,0x00000000de900000,0x00000000df100000)
 ParOldGen       total 55808K, used 7195K [0x0000000081c00000, 0x0000000085280000, 0x00000000d5f00000)
  object space 55808K, 12% used [0x0000000081c00000,0x0000000082306d00,0x0000000085280000)
 Metaspace       used 20871K, capacity 21132K, committed 21296K, reserved 1069056K
  class space    used 2545K, capacity 2637K, committed 2688K, reserved 1048576K
}
Event: 3.856 GC heap before
{Heap before GC invocations=7 (full 1):
 PSYoungGen      total 71680K, used 66560K [0x00000000d5f00000, 0x00000000df100000, 0x0000000100000000)
  eden space 66560K, 100% used [0x00000000d5f00000,0x00000000da000000,0x00000000da000000)
  from space 5120K, 0% used [0x00000000da000000,0x00000000da000000,0x00000000da500000)
  to   space 8192K, 0% used [0x00000000de900000,0x00000000de900000,0x00000000df100000)
 ParOldGen       total 55808K, used 7195K [0x0000000081c00000, 0x0000000085280000, 0x00000000d5f00000)
  object space 55808K, 12% used [0x0000000081c00000,0x0000000082306d00,0x0000000085280000)
 Metaspace       used 24443K, capacity 24768K, committed 24960K, reserved 1071104K
  class space    used 3021K, capacity 3131K, committed 3200K, reserved 1048576K
Event: 3.868 GC heap after
Heap after GC invocations=7 (full 1):
 PSYoungGen      total 112640K, used 5450K [0x00000000d5f00000, 0x00000000dee80000, 0x0000000100000000)
  eden space 107008K, 0% used [0x00000000d5f00000,0x00000000d5f00000,0x00000000dc780000)
  from space 5632K, 96% used [0x00000000de900000,0x00000000dee52b80,0x00000000dee80000)
  to   space 8192K, 0% used [0x00000000dde80000,0x00000000dde80000,0x00000000de680000)
 ParOldGen       total 55808K, used 7195K [0x0000000081c00000, 0x0000000085280000, 0x00000000d5f00000)
  object space 55808K, 12% used [0x0000000081c00000,0x0000000082306d00,0x0000000085280000)
 Metaspace       used 24443K, capacity 24768K, committed 24960K, reserved 1071104K
  class space    used 3021K, capacity 3131K, committed 3200K, reserved 1048576K
}
Event: 5.087 GC heap before
{Heap before GC invocations=8 (full 1):
 PSYoungGen      total 112640K, used 112458K [0x00000000d5f00000, 0x00000000dee80000, 0x0000000100000000)
  eden space 107008K, 100% used [0x00000000d5f00000,0x00000000dc780000,0x00000000dc780000)
  from space 5632K, 96% used [0x00000000de900000,0x00000000dee52b80,0x00000000dee80000)
  to   space 8192K, 0% used [0x00000000dde80000,0x00000000dde80000,0x00000000de680000)
 ParOldGen       total 55808K, used 7195K [0x0000000081c00000, 0x0000000085280000, 0x00000000d5f00000)
  object space 55808K, 12% used [0x0000000081c00000,0x0000000082306d00,0x0000000085280000)
 Metaspace       used 29110K, capacity 29464K, committed 29824K, reserved 1075200K
  class space    used 3603K, capacity 3711K, committed 3712K, reserved 1048576K
Event: 5.104 GC heap after
Heap after GC invocations=8 (full 1):
 PSYoungGen      total 138752K, used 8172K [0x00000000d5f00000, 0x00000000e1a80000, 0x0000000100000000)
  eden space 130560K, 0% used [0x00000000d5f00000,0x00000000d5f00000,0x00000000dde80000)
  from space 8192K, 99% used [0x00000000dde80000,0x00000000de67b098,0x00000000de680000)
  to   space 11264K, 0% used [0x00000000e0f80000,0x00000000e0f80000,0x00000000e1a80000)
 ParOldGen       total 55808K, used 11957K [0x0000000081c00000, 0x0000000085280000, 0x00000000d5f00000)
  object space 55808K, 21% used [0x0000000081c00000,0x00000000827ad768,0x0000000085280000)
 Metaspace       used 29110K, capacity 29464K, committed 29824K, reserved 1075200K
  class space    used 3603K, capacity 3711K, committed 3712K, reserved 1048576K
}
Event: 6.374 GC heap before
{Heap before GC invocations=9 (full 1):
 PSYoungGen      total 138752K, used 85905K [0x00000000d5f00000, 0x00000000e1a80000, 0x0000000100000000)
  eden space 130560K, 59% used [0x00000000d5f00000,0x00000000daae93c0,0x00000000dde80000)
  from space 8192K, 99% used [0x00000000dde80000,0x00000000de67b098,0x00000000de680000)
  to   space 11264K, 0% used [0x00000000e0f80000,0x00000000e0f80000,0x00000000e1a80000)
 ParOldGen       total 55808K, used 11957K [0x0000000081c00000, 0x0000000085280000, 0x00000000d5f00000)
  object space 55808K, 21% used [0x0000000081c00000,0x00000000827ad768,0x0000000085280000)
 Metaspace       used 34861K, capacity 35190K, committed 35496K, reserved 1081344K
  class space    used 4452K, capacity 4548K, committed 4608K, reserved 1048576K
Event: 6.386 GC heap after
Heap after GC invocations=9 (full 1):
 PSYoungGen      total 177664K, used 11251K [0x00000000d5f00000, 0x00000000e4000000, 0x0000000100000000)
  eden space 166400K, 0% used [0x00000000d5f00000,0x00000000d5f00000,0x00000000e0180000)
  from space 11264K, 99% used [0x00000000e0f80000,0x00000000e1a7cf18,0x00000000e1a80000)
  to   space 14336K, 0% used [0x00000000e0180000,0x00000000e0180000,0x00000000e0f80000)
 ParOldGen       total 55808K, used 15549K [0x0000000081c00000, 0x0000000085280000, 0x00000000d5f00000)
  object space 55808K, 27% used [0x0000000081c00000,0x0000000082b2f590,0x0000000085280000)
 Metaspace       used 34861K, capacity 35190K, committed 35496K, reserved 1081344K
  class space    used 4452K, capacity 4548K, committed 4608K, reserved 1048576K
}
Event: 6.386 GC heap before
{Heap before GC invocations=10 (full 2):
 PSYoungGen      total 177664K, used 11251K [0x00000000d5f00000, 0x00000000e4000000, 0x0000000100000000)
  eden space 166400K, 0% used [0x00000000d5f00000,0x00000000d5f00000,0x00000000e0180000)
  from space 11264K, 99% used [0x00000000e0f80000,0x00000000e1a7cf18,0x00000000e1a80000)
  to   space 14336K, 0% used [0x00000000e0180000,0x00000000e0180000,0x00000000e0f80000)
 ParOldGen       total 55808K, used 15549K [0x0000000081c00000, 0x0000000085280000, 0x00000000d5f00000)
  object space 55808K, 27% used [0x0000000081c00000,0x0000000082b2f590,0x0000000085280000)
 Metaspace       used 34861K, capacity 35190K, committed 35496K, reserved 1081344K
  class space    used 4452K, capacity 4548K, committed 4608K, reserved 1048576K
Event: 6.465 GC heap after
Heap after GC invocations=10 (full 2):
 PSYoungGen      total 177664K, used 0K [0x00000000d5f00000, 0x00000000e4000000, 0x0000000100000000)
  eden space 166400K, 0% used [0x00000000d5f00000,0x00000000d5f00000,0x00000000e0180000)
  from space 11264K, 0% used [0x00000000e0f80000,0x00000000e0f80000,0x00000000e1a80000)
  to   space 14336K, 0% used [0x00000000e0180000,0x00000000e0180000,0x00000000e0f80000)
 ParOldGen       total 55808K, used 22315K [0x0000000081c00000, 0x0000000085280000, 0x00000000d5f00000)
  object space 55808K, 39% used [0x0000000081c00000,0x00000000831cad30,0x0000000085280000)
 Metaspace       used 34861K, capacity 35190K, committed 35496K, reserved 1081344K
  class space    used 4452K, capacity 4548K, committed 4608K, reserved 1048576K
}

