# JRE version: Java(TM) SE Runtime Environment (8.0_144-b01) (build 1.8.0_144-b01)
# Java VM: Java HotSpot(TM) 64-Bit Server VM (25.144-b01 mixed mode windows-amd64 compressed oops)
Heap:
 PSYoungGen      total 160256K, used 125744K [0x00000000d5f00000, 0x00000000e3800000, 0x0000000100000000)
  eden space 148992K, 84% used [0x00000000d5f00000,0x00000000dd9cc260,0x00000000df080000)
  from space 11264K, 0% used [0x00000000dfe80000,0x00000000dfe80000,0x00000000e0980000)
  to   space 14336K, 0% used [0x00000000df080000,0x00000000df080000,0x00000000dfe80000)
 ParOldGen       total 105984K, used 22482K [0x0000000081c00000, 0x0000000088380000, 0x00000000d5f00000)
  object space 105984K, 21% used [0x0000000081c00000,0x00000000831f4898,0x0000000088380000)
 Metaspace       used 42976K, capacity 43344K, committed 43648K, reserved 1087488K
  class space    used 5621K, capacity 5715K, committed 5760K, reserved 1048576K
GC Heap History (10 events):
Event: 2.686 GC heap before
{Heap before GC invocations=6 (full 1):
 PSYoungGen      total 71680K, used 5104K [0x00000000d5f00000, 0x00000000df100000, 0x0000000100000000)
  eden space 66560K, 0% used [0x00000000d5f00000,0x00000000d5f00000,0x00000000da000000)
  from space 5120K, 99% used [0x00000000da000000,0x00000000da4fc010,0x00000000da500000)
  to   space 8192K, 0% used [0x00000000de900000,0x00000000de900000,0x00000000df100000)
 ParOldGen       total 87552K, used 6793K [0x0000000081c00000, 0x0000000087180000, 0x00000000d5f00000)
  object space 87552K, 7% used [0x0000000081c00000,0x00000000822a25f0,0x0000000087180000)
 Metaspace       used 20871K, capacity 21132K, committed 21296K, reserved 1069056K
  class space    used 2548K, capacity 2637K, committed 2688K, reserved 1048576K
Event: 2.737 GC heap after
Heap after GC invocations=6 (full 1):
 PSYoungGen      total 71680K, used 0K [0x00000000d5f00000, 0x00000000df100000, 0x0000000100000000)
  eden space 66560K, 0% used [0x00000000d5f00000,0x00000000d5f00000,0x00000000da000000)
  from space 5120K, 0% used [0x00000000da000000,0x00000000da000000,0x00000000da500000)
  to   space 8192K, 0% used [0x00000000de900000,0x00000000de900000,0x00000000df100000)
 ParOldGen       total 58880K, used 7167K [0x0000000081c00000, 0x0000000085580000, 0x00000000d5f00000)
  object space 58880K, 12% used [0x0000000081c00000,0x00000000822ffc18,0x0000000085580000)
 Metaspace       used 20871K, capacity 21132K, committed 21296K, reserved 1069056K
  class space    used 2548K, capacity 2637K, committed 2688K, reserved 1048576K
}
Event: 3.572 GC heap before
{Heap before GC invocations=7 (full 1):
 PSYoungGen      total 71680K, used 66560K [0x00000000d5f00000, 0x00000000df100000, 0x0000000100000000)
  eden space 66560K, 100% used [0x00000000d5f00000,0x00000000da000000,0x00000000da000000)
  from space 5120K, 0% used [0x00000000da000000,0x00000000da000000,0x00000000da500000)
  to   space 8192K, 0% used [0x00000000de900000,0x00000000de900000,0x00000000df100000)
 ParOldGen       total 58880K, used 7167K [0x0000000081c00000, 0x0000000085580000, 0x00000000d5f00000)
  object space 58880K, 12% used [0x0000000081c00000,0x00000000822ffc18,0x0000000085580000)
 Metaspace       used 24413K, capacity 24768K, committed 24960K, reserved 1071104K
  class space    used 3023K, capacity 3131K, committed 3200K, reserved 1048576K
Event: 3.582 GC heap after
Heap after GC invocations=7 (full 1):
 PSYoungGen      total 106496K, used 5295K [0x00000000d5f00000, 0x00000000dee80000, 0x0000000100000000)
  eden space 100864K, 0% used [0x00000000d5f00000,0x00000000d5f00000,0x00000000dc180000)
  from space 5632K, 94% used [0x00000000de900000,0x00000000dee2bcc0,0x00000000dee80000)
  to   space 8192K, 0% used [0x00000000dde80000,0x00000000dde80000,0x00000000de680000)
 ParOldGen       total 58880K, used 7175K [0x0000000081c00000, 0x0000000085580000, 0x00000000d5f00000)
  object space 58880K, 12% used [0x0000000081c00000,0x0000000082301c18,0x0000000085580000)
 Metaspace       used 24413K, capacity 24768K, committed 24960K, reserved 1071104K
  class space    used 3023K, capacity 3131K, committed 3200K, reserved 1048576K
}
Event: 4.567 GC heap before
{Heap before GC invocations=8 (full 1):
 PSYoungGen      total 106496K, used 106159K [0x00000000d5f00000, 0x00000000dee80000, 0x0000000100000000)
  eden space 100864K, 100% used [0x00000000d5f00000,0x00000000dc180000,0x00000000dc180000)
  from space 5632K, 94% used [0x00000000de900000,0x00000000dee2bcc0,0x00000000dee80000)
  to   space 8192K, 0% used [0x00000000dde80000,0x00000000dde80000,0x00000000de680000)
 ParOldGen       total 58880K, used 7175K [0x0000000081c00000, 0x0000000085580000, 0x00000000d5f00000)
  object space 58880K, 12% used [0x0000000081c00000,0x0000000082301c18,0x0000000085580000)
 Metaspace       used 29038K, capacity 29336K, committed 29568K, reserved 1075200K
  class space    used 3602K, capacity 3711K, committed 3712K, reserved 1048576K
Event: 4.585 GC heap after
Heap after GC invocations=8 (full 1):
 PSYoungGen      total 138752K, used 8167K [0x00000000d5f00000, 0x00000000e0980000, 0x0000000100000000)
  eden space 130560K, 0% used [0x00000000d5f00000,0x00000000d5f00000,0x00000000dde80000)
  from space 8192K, 99% used [0x00000000dde80000,0x00000000de679ee8,0x00000000de680000)
  to   space 11264K, 0% used [0x00000000dfe80000,0x00000000dfe80000,0x00000000e0980000)
 ParOldGen       total 58880K, used 11718K [0x0000000081c00000, 0x0000000085580000, 0x00000000d5f00000)
  object space 58880K, 19% used [0x0000000081c00000,0x00000000827718c8,0x0000000085580000)
 Metaspace       used 29038K, capacity 29336K, committed 29568K, reserved 1075200K
  class space    used 3602K, capacity 3711K, committed 3712K, reserved 1048576K
}
Event: 5.820 GC heap before
{Heap before GC invocations=9 (full 1):
 PSYoungGen      total 138752K, used 94254K [0x00000000d5f00000, 0x00000000e0980000, 0x0000000100000000)
  eden space 130560K, 65% used [0x00000000d5f00000,0x00000000db311ac0,0x00000000dde80000)
  from space 8192K, 99% used [0x00000000dde80000,0x00000000de679ee8,0x00000000de680000)
  to   space 11264K, 0% used [0x00000000dfe80000,0x00000000dfe80000,0x00000000e0980000)
 ParOldGen       total 58880K, used 11718K [0x0000000081c00000, 0x0000000085580000, 0x00000000d5f00000)
  object space 58880K, 19% used [0x0000000081c00000,0x00000000827718c8,0x0000000085580000)
 Metaspace       used 34915K, capacity 35222K, committed 35496K, reserved 1081344K
  class space    used 4465K, capacity 4580K, committed 4608K, reserved 1048576K
Event: 5.835 GC heap after
Heap after GC invocations=9 (full 1):
 PSYoungGen      total 160256K, used 11240K [0x00000000d5f00000, 0x00000000e3800000, 0x0000000100000000)
  eden space 148992K, 0% used [0x00000000d5f00000,0x00000000d5f00000,0x00000000df080000)
  from space 11264K, 99% used [0x00000000dfe80000,0x00000000e097a3d0,0x00000000e0980000)
  to   space 14336K, 0% used [0x00000000df080000,0x00000000df080000,0x00000000dfe80000)
 ParOldGen       total 58880K, used 15579K [0x0000000081c00000, 0x0000000085580000, 0x00000000d5f00000)
  object space 58880K, 26% used [0x0000000081c00000,0x0000000082b36e40,0x0000000085580000)
 Metaspace       used 34915K, capacity 35222K, committed 35496K, reserved 1081344K
  class space    used 4465K, capacity 4580K, committed 4608K, reserved 1048576K
}
Event: 5.835 GC heap before
{Heap before GC invocations=10 (full 2):
 PSYoungGen      total 160256K, used 11240K [0x00000000d5f00000, 0x00000000e3800000, 0x0000000100000000)
  eden space 148992K, 0% used [0x00000000d5f00000,0x00000000d5f00000,0x00000000df080000)
  from space 11264K, 99% used [0x00000000dfe80000,0x00000000e097a3d0,0x00000000e0980000)
  to   space 14336K, 0% used [0x00000000df080000,0x00000000df080000,0x00000000dfe80000)
 ParOldGen       total 58880K, used 15579K [0x0000000081c00000, 0x0000000085580000, 0x00000000d5f00000)
  object space 58880K, 26% used [0x0000000081c00000,0x0000000082b36e40,0x0000000085580000)
 Metaspace       used 34915K, capacity 35222K, committed 35496K, reserved 1081344K
  class space    used 4465K, capacity 4580K, committed 4608K, reserved 1048576K
Event: 5.941 GC heap after
Heap after GC invocations=10 (full 2):
 PSYoungGen      total 160256K, used 0K [0x00000000d5f00000, 0x00000000e3800000, 0x0000000100000000)
  eden space 148992K, 0% used [0x00000000d5f00000,0x00000000d5f00000,0x00000000df080000)
  from space 11264K, 0% used [0x00000000dfe80000,0x00000000dfe80000,0x00000000e0980000)
  to   space 14336K, 0% used [0x00000000df080000,0x00000000df080000,0x00000000dfe80000)
 ParOldGen       total 105984K, used 22482K [0x0000000081c00000, 0x0000000088380000, 0x00000000d5f00000)
  object space 105984K, 21% used [0x0000000081c00000,0x00000000831f4898,0x0000000088380000)
 Metaspace       used 34915K, capacity 35222K, committed 35496K, reserved 1081344K
  class space    used 4465K, capacity 4580K, committed 4608K, reserved 1048576K
}

